<?xml version="1.0" encoding="UTF-8" ?>
<testsuite tests="6" failures="0" name="TestSuite" time="2.895" errors="0" skipped="0">
  <properties>
    <property name="java.runtime.name" value="Java(TM) SE Runtime Environment"/>
    <property name="sun.boot.library.path" value="C:\Program Files\Java\jdk1.8.0_261\jre\bin"/>
    <property name="java.vm.version" value="25.261-b12"/>
    <property name="java.vm.vendor" value="Oracle Corporation"/>
    <property name="java.vendor.url" value="http://java.oracle.com/"/>
    <property name="path.separator" value=";"/>
    <property name="java.vm.name" value="Java HotSpot(TM) 64-Bit Server VM"/>
    <property name="file.encoding.pkg" value="sun.io"/>
    <property name="user.script" value=""/>
    <property name="user.country" value="CN"/>
    <property name="sun.java.launcher" value="SUN_STANDARD"/>
    <property name="sun.os.patch.level" value="Service Pack 1"/>
    <property name="java.vm.specification.name" value="Java Virtual Machine Specification"/>
    <property name="user.dir" value="D:\IDEA-workspace-new\auto-test-api"/>
    <property name="java.runtime.version" value="1.8.0_261-b12"/>
    <property name="java.awt.graphicsenv" value="sun.awt.Win32GraphicsEnvironment"/>
    <property name="basedir" value="D:\IDEA-workspace-new\auto-test-api"/>
    <property name="java.endorsed.dirs" value="C:\Program Files\Java\jdk1.8.0_261\jre\lib\endorsed"/>
    <property name="os.arch" value="amd64"/>
    <property name="surefire.real.class.path" value="D:\IDEA-workspace-new\auto-test-api\target\surefire\surefirebooter9080676337986307890.jar"/>
    <property name="java.io.tmpdir" value="C:\Users\ADMINI~1\AppData\Local\Temp\"/>
    <property name="line.separator" value="
"/>
    <property name="java.vm.specification.vendor" value="Oracle Corporation"/>
    <property name="user.variant" value=""/>
    <property name="os.name" value="Windows 7"/>
    <property name="sun.jnu.encoding" value="GBK"/>
    <property name="java.library.path" value="C:\Program Files\Java\jdk1.8.0_261\jre\bin;C:\Windows\Sun\Java\bin;C:\Windows\system32;C:\Windows;E:\maven3.6.3\apache-maven-3.6.3/bin;C:\Program Files\Java\jdk1.8.0_261/bin;C:\Program Files\Java\jdk1.8.0_261/bin;C:\Program Files\Java\jdk1.8.0_261\bin;C:\Program Files\Java\jdk1.8.0_261\jre\bin;C:\Program Files (x86)\Common Files\Oracle\Java\javapath;C:\Windows\system32;C:\Windows;C:\Windows\System32\Wbem;C:\Windows\System32\WindowsPowerShell\v1.0\;D:\Git\Git\cmd;E:\maven3.6.3\apache-maven-3.6.3\bin\;;."/>
    <property name="surefire.test.class.path" value="D:\IDEA-workspace-new\auto-test-api\target\test-classes;D:\IDEA-workspace-new\auto-test-api\target\classes;E:\maven\repository\org\apache\poi\poi-ooxml\5.2.2\poi-ooxml-5.2.2.jar;E:\maven\repository\org\apache\poi\poi\5.2.2\poi-5.2.2.jar;E:\maven\repository\org\apache\commons\commons-math3\3.6.1\commons-math3-3.6.1.jar;E:\maven\repository\com\zaxxer\SparseBitSet\1.2\SparseBitSet-1.2.jar;E:\maven\repository\org\apache\poi\poi-ooxml-lite\5.2.2\poi-ooxml-lite-5.2.2.jar;E:\maven\repository\org\apache\xmlbeans\xmlbeans\5.0.3\xmlbeans-5.0.3.jar;E:\maven\repository\xml-apis\xml-apis\1.4.01\xml-apis-1.4.01.jar;E:\maven\repository\org\apache\commons\commons-compress\1.21\commons-compress-1.21.jar;E:\maven\repository\commons-io\commons-io\2.11.0\commons-io-2.11.0.jar;E:\maven\repository\com\github\virtuald\curvesapi\1.07\curvesapi-1.07.jar;E:\maven\repository\org\apache\logging\log4j\log4j-api\2.17.2\log4j-api-2.17.2.jar;E:\maven\repository\org\apache\commons\commons-collections4\4.4\commons-collections4-4.4.jar;E:\maven\repository\org\apache\logging\log4j\log4j-core\2.17.1\log4j-core-2.17.1.jar;E:\maven\repository\org\testng\testng\6.10\testng-6.10.jar;E:\maven\repository\com\beust\jcommander\1.48\jcommander-1.48.jar;E:\maven\repository\org\apache\httpcomponents\httpclient\4.5.13\httpclient-4.5.13.jar;E:\maven\repository\org\apache\httpcomponents\httpcore\4.4.13\httpcore-4.4.13.jar;E:\maven\repository\commons-logging\commons-logging\1.2\commons-logging-1.2.jar;E:\maven\repository\commons-codec\commons-codec\1.11\commons-codec-1.11.jar;E:\maven\repository\com\alibaba\fastjson\1.2.28\fastjson-1.2.28.jar;E:\maven\repository\org\mybatis\mybatis\3.4.4\mybatis-3.4.4.jar;E:\maven\repository\mysql\mysql-connector-java\5.1.6\mysql-connector-java-5.1.6.jar;E:\maven\repository\org\projectlombok\lombok\1.16.14\lombok-1.16.14.jar;E:\maven\repository\log4j\log4j\1.2.17\log4j-1.2.17.jar;E:\maven\repository\org\apache\commons\commons-lang3\3.4\commons-lang3-3.4.jar;E:\maven\repository\org\apache\commons\commons-email\1.1\commons-email-1.1.jar;E:\maven\repository\javax\mail\mail\1.4\mail-1.4.jar;E:\maven\repository\javax\activation\activation\1.1\activation-1.1.jar;E:\maven\repository\com\google\code\gson\gson\2.8.5\gson-2.8.5.jar;E:\maven\repository\org\uncommons\reportng\1.1.4\reportng-1.1.4.jar;E:\maven\repository\velocity\velocity\1.4\velocity-1.4.jar;E:\maven\repository\velocity\velocity-dep\1.4\velocity-dep-1.4.jar;E:\maven\repository\com\google\inject\guice\4.2.2\guice-4.2.2.jar;E:\maven\repository\javax\inject\javax.inject\1\javax.inject-1.jar;E:\maven\repository\aopalliance\aopalliance\1.0\aopalliance-1.0.jar;E:\maven\repository\com\google\guava\guava\25.1-android\guava-25.1-android.jar;E:\maven\repository\com\google\code\findbugs\jsr305\3.0.2\jsr305-3.0.2.jar;E:\maven\repository\org\checkerframework\checker-compat-qual\2.0.0\checker-compat-qual-2.0.0.jar;E:\maven\repository\com\google\errorprone\error_prone_annotations\2.1.3\error_prone_annotations-2.1.3.jar;E:\maven\repository\com\google\j2objc\j2objc-annotations\1.1\j2objc-annotations-1.1.jar;E:\maven\repository\org\codehaus\mojo\animal-sniffer-annotations\1.14\animal-sniffer-annotations-1.14.jar;"/>
    <property name="java.specification.name" value="Java Platform API Specification"/>
    <property name="java.class.version" value="52.0"/>
    <property name="sun.management.compiler" value="HotSpot 64-Bit Tiered Compilers"/>
    <property name="os.version" value="6.1"/>
    <property name="user.home" value="C:\Users\Administrator"/>
    <property name="user.timezone" value="Asia/Shanghai"/>
    <property name="java.awt.printerjob" value="sun.awt.windows.WPrinterJob"/>
    <property name="java.specification.version" value="1.8"/>
    <property name="file.encoding" value="UTF-8"/>
    <property name="user.name" value="Administrator"/>
    <property name="java.class.path" value="D:\IDEA-workspace-new\auto-test-api\target\test-classes;D:\IDEA-workspace-new\auto-test-api\target\classes;E:\maven\repository\org\apache\poi\poi-ooxml\5.2.2\poi-ooxml-5.2.2.jar;E:\maven\repository\org\apache\poi\poi\5.2.2\poi-5.2.2.jar;E:\maven\repository\org\apache\commons\commons-math3\3.6.1\commons-math3-3.6.1.jar;E:\maven\repository\com\zaxxer\SparseBitSet\1.2\SparseBitSet-1.2.jar;E:\maven\repository\org\apache\poi\poi-ooxml-lite\5.2.2\poi-ooxml-lite-5.2.2.jar;E:\maven\repository\org\apache\xmlbeans\xmlbeans\5.0.3\xmlbeans-5.0.3.jar;E:\maven\repository\xml-apis\xml-apis\1.4.01\xml-apis-1.4.01.jar;E:\maven\repository\org\apache\commons\commons-compress\1.21\commons-compress-1.21.jar;E:\maven\repository\commons-io\commons-io\2.11.0\commons-io-2.11.0.jar;E:\maven\repository\com\github\virtuald\curvesapi\1.07\curvesapi-1.07.jar;E:\maven\repository\org\apache\logging\log4j\log4j-api\2.17.2\log4j-api-2.17.2.jar;E:\maven\repository\org\apache\commons\commons-collections4\4.4\commons-collections4-4.4.jar;E:\maven\repository\org\apache\logging\log4j\log4j-core\2.17.1\log4j-core-2.17.1.jar;E:\maven\repository\org\testng\testng\6.10\testng-6.10.jar;E:\maven\repository\com\beust\jcommander\1.48\jcommander-1.48.jar;E:\maven\repository\org\apache\httpcomponents\httpclient\4.5.13\httpclient-4.5.13.jar;E:\maven\repository\org\apache\httpcomponents\httpcore\4.4.13\httpcore-4.4.13.jar;E:\maven\repository\commons-logging\commons-logging\1.2\commons-logging-1.2.jar;E:\maven\repository\commons-codec\commons-codec\1.11\commons-codec-1.11.jar;E:\maven\repository\com\alibaba\fastjson\1.2.28\fastjson-1.2.28.jar;E:\maven\repository\org\mybatis\mybatis\3.4.4\mybatis-3.4.4.jar;E:\maven\repository\mysql\mysql-connector-java\5.1.6\mysql-connector-java-5.1.6.jar;E:\maven\repository\org\projectlombok\lombok\1.16.14\lombok-1.16.14.jar;E:\maven\repository\log4j\log4j\1.2.17\log4j-1.2.17.jar;E:\maven\repository\org\apache\commons\commons-lang3\3.4\commons-lang3-3.4.jar;E:\maven\repository\org\apache\commons\commons-email\1.1\commons-email-1.1.jar;E:\maven\repository\javax\mail\mail\1.4\mail-1.4.jar;E:\maven\repository\javax\activation\activation\1.1\activation-1.1.jar;E:\maven\repository\com\google\code\gson\gson\2.8.5\gson-2.8.5.jar;E:\maven\repository\org\uncommons\reportng\1.1.4\reportng-1.1.4.jar;E:\maven\repository\velocity\velocity\1.4\velocity-1.4.jar;E:\maven\repository\velocity\velocity-dep\1.4\velocity-dep-1.4.jar;E:\maven\repository\com\google\inject\guice\4.2.2\guice-4.2.2.jar;E:\maven\repository\javax\inject\javax.inject\1\javax.inject-1.jar;E:\maven\repository\aopalliance\aopalliance\1.0\aopalliance-1.0.jar;E:\maven\repository\com\google\guava\guava\25.1-android\guava-25.1-android.jar;E:\maven\repository\com\google\code\findbugs\jsr305\3.0.2\jsr305-3.0.2.jar;E:\maven\repository\org\checkerframework\checker-compat-qual\2.0.0\checker-compat-qual-2.0.0.jar;E:\maven\repository\com\google\errorprone\error_prone_annotations\2.1.3\error_prone_annotations-2.1.3.jar;E:\maven\repository\com\google\j2objc\j2objc-annotations\1.1\j2objc-annotations-1.1.jar;E:\maven\repository\org\codehaus\mojo\animal-sniffer-annotations\1.14\animal-sniffer-annotations-1.14.jar;"/>
    <property name="java.vm.specification.version" value="1.8"/>
    <property name="sun.arch.data.model" value="64"/>
    <property name="java.home" value="C:\Program Files\Java\jdk1.8.0_261\jre"/>
    <property name="sun.java.command" value="D:\IDEA-workspace-new\auto-test-api\target\surefire\surefirebooter9080676337986307890.jar D:\IDEA-workspace-new\auto-test-api\target\surefire\surefire1975460393263198146tmp D:\IDEA-workspace-new\auto-test-api\target\surefire\surefire1865355690046239326tmp"/>
    <property name="java.specification.vendor" value="Oracle Corporation"/>
    <property name="user.language" value="zh"/>
    <property name="awt.toolkit" value="sun.awt.windows.WToolkit"/>
    <property name="java.vm.info" value="mixed mode"/>
    <property name="java.version" value="1.8.0_261"/>
    <property name="java.ext.dirs" value="C:\Program Files\Java\jdk1.8.0_261\jre\lib\ext;C:\Windows\Sun\Java\lib\ext"/>
    <property name="sun.boot.class.path" value="C:\Program Files\Java\jdk1.8.0_261\jre\lib\resources.jar;C:\Program Files\Java\jdk1.8.0_261\jre\lib\rt.jar;C:\Program Files\Java\jdk1.8.0_261\jre\lib\sunrsasign.jar;C:\Program Files\Java\jdk1.8.0_261\jre\lib\jsse.jar;C:\Program Files\Java\jdk1.8.0_261\jre\lib\jce.jar;C:\Program Files\Java\jdk1.8.0_261\jre\lib\charsets.jar;C:\Program Files\Java\jdk1.8.0_261\jre\lib\jfr.jar;C:\Program Files\Java\jdk1.8.0_261\jre\classes"/>
    <property name="java.vendor" value="Oracle Corporation"/>
    <property name="localRepository" value="E:\maven\repository"/>
    <property name="file.separator" value="\"/>
    <property name="java.vendor.url.bug" value="http://bugreport.sun.com/bugreport/"/>
    <property name="sun.cpu.endian" value="little"/>
    <property name="sun.io.unicode.encoding" value="UnicodeLittle"/>
    <property name="sun.desktop" value="windows"/>
    <property name="sun.cpu.isalist" value="amd64"/>
  </properties>
  <testcase classname="com.xzy.cases.LoginTest" name="login" time="0.117"/>
  <testcase classname="com.xzy.cases.LoginTest" name="login" time="0.006"/>
  <testcase classname="com.xzy.cases.AddUserTest" name="addUser" time="0.008"/>
  <testcase classname="com.xzy.cases.GetUserInfoListTest" name="getUserListInfo" time="0.122"/>
  <testcase classname="com.xzy.cases.GetUserInfoListTest" name="getUserListInfo" time="0.089"/>
  <testcase classname="com.xzy.cases.GetUserInfoListTest" name="getUserListInfo" time="0.041"/>
</testsuite>