<?xml version="1.0" encoding="UTF-8"?>
<!-- Generated by org.testng.reporters.JUnitReportReporter -->
<testsuite name="com.xzy.cases.AddUserTest" tests="1" time="0.008" ignored="0" failures="0" timestamp="03 七月 2022 05:15:02 GMT" skipped="0" hostname="MS-IHLHSUGVAJJH" errors="0">
  <testcase name="addUser" time="0.008" classname="com.xzy.cases.AddUserTest"/>
</testsuite> <!-- com.xzy.cases.AddUserTest -->
