<?xml version="1.0" encoding="UTF-8"?>
<!-- Generated by org.testng.reporters.JUnitReportReporter -->
<testsuite name="com.xzy.cases.LoginTest" tests="2" time="0.123" ignored="0" failures="0" timestamp="03 七月 2022 05:15:02 GMT" skipped="0" hostname="MS-IHLHSUGVAJJH" errors="0">
  <testcase name="login" time="0.006" classname="com.xzy.cases.LoginTest"/>
  <testcase name="login" time="0.117" classname="com.xzy.cases.LoginTest"/>
</testsuite> <!-- com.xzy.cases.LoginTest -->
