<?xml version="1.0" encoding="UTF-8"?>
<!-- Generated by org.testng.reporters.JUnitReportReporter -->
<testsuite name="com.xzy.cases.GetUserInfoListTest" tests="3" time="0.251" ignored="0" failures="0" timestamp="03 七月 2022 05:15:02 GMT" skipped="0" hostname="MS-IHLHSUGVAJJH" errors="0">
  <testcase name="getUserListInfo" time="0.122" classname="com.xzy.cases.GetUserInfoListTest"/>
  <testcase name="getUserListInfo" time="0.088" classname="com.xzy.cases.GetUserInfoListTest"/>
  <testcase name="getUserListInfo" time="0.041" classname="com.xzy.cases.GetUserInfoListTest"/>
</testsuite> <!-- com.xzy.cases.GetUserInfoListTest -->
